<?xml version="1.0" encoding="UTF-8"?>
<testsuite name="com.busy.honey.stock.investment.stocks.StocksServiceTests" tests="5" skipped="0" failures="0" errors="0" timestamp="2023-07-16T08:36:32" hostname="LOCALHOST" time="0.043">
  <properties/>
  <testcase name="종목 정보 변경 테스트, 생성되지 않은 종목을 업데이트 한 경우" classname="com.busy.honey.stock.investment.stocks.StocksServiceTests" time="0.024"/>
  <testcase name="종목 정보 변경 테스트" classname="com.busy.honey.stock.investment.stocks.StocksServiceTests" time="0.011"/>
  <testcase name="종목 가져오기 테스트" classname="com.busy.honey.stock.investment.stocks.StocksServiceTests" time="0.0"/>
  <testcase name="종목 생성 테스트" classname="com.busy.honey.stock.investment.stocks.StocksServiceTests" time="0.001"/>
  <testcase name="종목 삭제 테스트" classname="com.busy.honey.stock.investment.stocks.StocksServiceTests" time="0.001"/>
  <system-out><![CDATA[]]></system-out>
  <system-err><![CDATA[]]></system-err>
</testsuite>
