<?xml version="1.0" encoding="UTF-8"?>
<testsuite name="com.busy.honey.stock.investment.InvestmentApplicationTests" tests="1" skipped="0" failures="0" errors="0" timestamp="2023-09-10T06:58:55" hostname="LOCALHOST" time="0.313">
  <properties/>
  <testcase name="contextLoads()" classname="com.busy.honey.stock.investment.InvestmentApplicationTests" time="0.313"/>
  <system-out><![CDATA[15:58:47.475 [Test worker] INFO org.springframework.test.context.support.AnnotationConfigContextLoaderUtils -- Could not detect default configuration classes for test class [com.busy.honey.stock.investment.InvestmentApplicationTests]: InvestmentApplicationTests does not declare any static, non-private, non-final, nested classes annotated with @Configuration.
15:58:47.731 [Test worker] INFO org.springframework.boot.test.context.SpringBootTestContextBootstrapper -- Found @SpringBootConfiguration com.busy.honey.stock.investment.InvestmentApplication for test class com.busy.honey.stock.investment.InvestmentApplicationTests

  .   ____          _            __ _ _
 /\\ / ___'_ __ _ _(_)_ __  __ _ \ \ \ \
( ( )\___ | '_ | '_| | '_ \/ _` | \ \ \ \
 \\/  ___)| |_)| | | | | || (_| |  ) ) ) )
  '  |____| .__|_| |_|_| |_\__, | / / / /
 =========|_|==============|___/=/_/_/_/
 :: Spring Boot ::                (v3.1.3)

2023-09-10T15:58:48.587+09:00  INFO 33000 --- [    Test worker] c.b.h.s.i.InvestmentApplicationTests     : Starting InvestmentApplicationTests using Java 17.0.5 with PID 33000 (started by sunjiho in C:\Users\krpw1\Desktop\Projects\busy-honeys\backend)
2023-09-10T15:58:48.590+09:00  INFO 33000 --- [    Test worker] c.b.h.s.i.InvestmentApplicationTests     : No active profile set, falling back to 1 default profile: "default"
2023-09-10T15:58:49.878+09:00  INFO 33000 --- [    Test worker] .s.d.r.c.RepositoryConfigurationDelegate : Multiple Spring Data modules found, entering strict repository configuration mode
2023-09-10T15:58:49.881+09:00  INFO 33000 --- [    Test worker] .s.d.r.c.RepositoryConfigurationDelegate : Bootstrapping Spring Data JPA repositories in DEFAULT mode.
2023-09-10T15:58:50.011+09:00  INFO 33000 --- [    Test worker] .s.d.r.c.RepositoryConfigurationDelegate : Finished Spring Data repository scanning in 119 ms. Found 6 JPA repository interfaces.
2023-09-10T15:58:50.765+09:00  INFO 33000 --- [    Test worker] o.hibernate.jpa.internal.util.LogHelper  : HHH000204: Processing PersistenceUnitInfo [name: default]
2023-09-10T15:58:50.889+09:00  INFO 33000 --- [    Test worker] org.hibernate.Version                    : HHH000412: Hibernate ORM core version 6.2.7.Final
2023-09-10T15:58:50.894+09:00  INFO 33000 --- [    Test worker] org.hibernate.cfg.Environment            : HHH000406: Using bytecode reflection optimizer
2023-09-10T15:58:51.151+09:00  INFO 33000 --- [    Test worker] o.h.b.i.BytecodeProviderInitiator        : HHH000021: Bytecode provider name : bytebuddy
2023-09-10T15:58:51.171+09:00  INFO 33000 --- [    Test worker] o.s.o.j.p.SpringPersistenceUnitInfo      : No LoadTimeWeaver setup: ignoring JPA class transformer
2023-09-10T15:58:51.198+09:00  INFO 33000 --- [    Test worker] com.zaxxer.hikari.HikariDataSource       : HikariPool-1 - Starting...
2023-09-10T15:58:51.443+09:00  INFO 33000 --- [    Test worker] com.zaxxer.hikari.pool.HikariPool        : HikariPool-1 - Added connection conn0: url=jdbc:h2:mem:testdb user=SA
2023-09-10T15:58:51.445+09:00  INFO 33000 --- [    Test worker] com.zaxxer.hikari.HikariDataSource       : HikariPool-1 - Start completed.
2023-09-10T15:58:51.792+09:00  INFO 33000 --- [    Test worker] o.h.b.i.BytecodeProviderInitiator        : HHH000021: Bytecode provider name : bytebuddy
2023-09-10T15:58:52.337+09:00  INFO 33000 --- [    Test worker] o.h.e.t.j.p.i.JtaPlatformInitiator       : HHH000490: Using JtaPlatform implementation: [org.hibernate.engine.transaction.jta.platform.internal.NoJtaPlatform]
2023-09-10T15:58:52.399+09:00  INFO 33000 --- [    Test worker] j.LocalContainerEntityManagerFactoryBean : Initialized JPA EntityManagerFactory for persistence unit 'default'
2023-09-10T15:58:54.956+09:00  INFO 33000 --- [    Test worker] o.s.b.a.h2.H2ConsoleAutoConfiguration    : H2 console available at '/h2-console'. Database available at 'jdbc:h2:mem:testdb'
2023-09-10T15:58:55.038+09:00  INFO 33000 --- [    Test worker] c.b.h.s.i.InvestmentApplicationTests     : Started InvestmentApplicationTests in 6.895 seconds (process running for 19.71)
]]></system-out>
  <system-err><![CDATA[]]></system-err>
</testsuite>
