<?xml version="1.0" encoding="UTF-8"?>
<testsuite name="com.busy.honey.stock.investment.InvestmentApplicationTests" tests="1" skipped="0" failures="0" errors="0" timestamp="2023-09-10T09:31:27" hostname="LOCALHOST" time="0.34">
  <properties/>
  <testcase name="contextLoads()" classname="com.busy.honey.stock.investment.InvestmentApplicationTests" time="0.34"/>
  <system-out><![CDATA[18:31:20.545 [Test worker] INFO org.springframework.test.context.support.AnnotationConfigContextLoaderUtils -- Could not detect default configuration classes for test class [com.busy.honey.stock.investment.InvestmentApplicationTests]: InvestmentApplicationTests does not declare any static, non-private, non-final, nested classes annotated with @Configuration.
18:31:20.771 [Test worker] INFO org.springframework.boot.test.context.SpringBootTestContextBootstrapper -- Found @SpringBootConfiguration com.busy.honey.stock.investment.InvestmentApplication for test class com.busy.honey.stock.investment.InvestmentApplicationTests

  .   ____          _            __ _ _
 /\\ / ___'_ __ _ _(_)_ __  __ _ \ \ \ \
( ( )\___ | '_ | '_| | '_ \/ _` | \ \ \ \
 \\/  ___)| |_)| | | | | || (_| |  ) ) ) )
  '  |____| .__|_| |_|_| |_\__, | / / / /
 =========|_|==============|___/=/_/_/_/
 :: Spring Boot ::                (v3.1.3)

2023-09-10T18:31:21.519+09:00  INFO 19852 --- [    Test worker] c.b.h.s.i.InvestmentApplicationTests     : Starting InvestmentApplicationTests using Java 17.0.5 with PID 19852 (started by sunjiho in C:\Users\krpw1\Desktop\Projects\busy-honeys\backend)
2023-09-10T18:31:21.522+09:00  INFO 19852 --- [    Test worker] c.b.h.s.i.InvestmentApplicationTests     : No active profile set, falling back to 1 default profile: "default"
2023-09-10T18:31:22.770+09:00  INFO 19852 --- [    Test worker] .s.d.r.c.RepositoryConfigurationDelegate : Multiple Spring Data modules found, entering strict repository configuration mode
2023-09-10T18:31:22.772+09:00  INFO 19852 --- [    Test worker] .s.d.r.c.RepositoryConfigurationDelegate : Bootstrapping Spring Data JPA repositories in DEFAULT mode.
2023-09-10T18:31:22.930+09:00  INFO 19852 --- [    Test worker] .s.d.r.c.RepositoryConfigurationDelegate : Finished Spring Data repository scanning in 147 ms. Found 6 JPA repository interfaces.
2023-09-10T18:31:23.630+09:00  INFO 19852 --- [    Test worker] o.hibernate.jpa.internal.util.LogHelper  : HHH000204: Processing PersistenceUnitInfo [name: default]
2023-09-10T18:31:23.740+09:00  INFO 19852 --- [    Test worker] org.hibernate.Version                    : HHH000412: Hibernate ORM core version 6.2.7.Final
2023-09-10T18:31:23.744+09:00  INFO 19852 --- [    Test worker] org.hibernate.cfg.Environment            : HHH000406: Using bytecode reflection optimizer
2023-09-10T18:31:23.976+09:00  INFO 19852 --- [    Test worker] o.h.b.i.BytecodeProviderInitiator        : HHH000021: Bytecode provider name : bytebuddy
2023-09-10T18:31:23.994+09:00  INFO 19852 --- [    Test worker] o.s.o.j.p.SpringPersistenceUnitInfo      : No LoadTimeWeaver setup: ignoring JPA class transformer
2023-09-10T18:31:24.016+09:00  INFO 19852 --- [    Test worker] com.zaxxer.hikari.HikariDataSource       : HikariPool-1 - Starting...
2023-09-10T18:31:24.259+09:00  INFO 19852 --- [    Test worker] com.zaxxer.hikari.pool.HikariPool        : HikariPool-1 - Added connection conn0: url=jdbc:h2:mem:testdb user=SA
2023-09-10T18:31:24.262+09:00  INFO 19852 --- [    Test worker] com.zaxxer.hikari.HikariDataSource       : HikariPool-1 - Start completed.
2023-09-10T18:31:24.609+09:00  INFO 19852 --- [    Test worker] o.h.b.i.BytecodeProviderInitiator        : HHH000021: Bytecode provider name : bytebuddy
2023-09-10T18:31:25.120+09:00  INFO 19852 --- [    Test worker] o.h.e.t.j.p.i.JtaPlatformInitiator       : HHH000490: Using JtaPlatform implementation: [org.hibernate.engine.transaction.jta.platform.internal.NoJtaPlatform]
2023-09-10T18:31:25.172+09:00  INFO 19852 --- [    Test worker] j.LocalContainerEntityManagerFactoryBean : Initialized JPA EntityManagerFactory for persistence unit 'default'
2023-09-10T18:31:27.559+09:00  INFO 19852 --- [    Test worker] o.s.b.a.h2.H2ConsoleAutoConfiguration    : H2 console available at '/h2-console'. Database available at 'jdbc:h2:mem:testdb'
2023-09-10T18:31:27.648+09:00  INFO 19852 --- [    Test worker] c.b.h.s.i.InvestmentApplicationTests     : Started InvestmentApplicationTests in 6.54 seconds (process running for 19.029)
]]></system-out>
  <system-err><![CDATA[]]></system-err>
</testsuite>
